<?xml version="1.0" encoding="UTF-8"?>
<testng-results ignored="0" total="1" passed="0" failed="1" skipped="0">
  <reporter-output>
  </reporter-output>
  <suite started-at="2025-04-25T08:49:22 EET" name="TrustWalletCucumberTests" finished-at="2025-04-25T08:49:33 EET" duration-ms="10798">
    <groups>
      <group name="cucumber">
        <method signature="AbstractTestNGCucumberTests.runScenario(io.cucumber.testng.PickleWrapper,io.cucumber.testng.FeatureWrapper)[pri:0, instance:runners.TestRunner@409c54f]" name="runScenario" class="io.cucumber.testng.AbstractTestNGCucumberTests"/>
      </group> <!-- cucumber -->
    </groups>
    <test started-at="2025-04-25T08:49:22 EET" name="CreateWalletTest" finished-at="2025-04-25T08:49:33 EET" duration-ms="10798">
      <class name="runners.TestRunner">
        <test-method is-config="true" signature="setUpClass(org.testng.ITestContext)[pri:0, instance:runners.TestRunner@409c54f]" started-at="2025-04-25T08:49:22 EET" name="setUpClass" finished-at="2025-04-25T08:49:22 EET" duration-ms="201" status="PASS">
          <params>
            <param index="0">
              <value>
                <![CDATA[org.testng.TestRunner@2b9f74d0]]>
              </value>
            </param>
          </params>
          <reporter-output>
          </reporter-output>
        </test-method> <!-- setUpClass -->
        <test-method signature="runScenario(io.cucumber.testng.PickleWrapper,io.cucumber.testng.FeatureWrapper)[pri:0, instance:runners.TestRunner@409c54f]" started-at="2025-04-25T08:49:22 EET" name="runScenario" description="Runs Cucumber Scenarios" data-provider="scenarios" finished-at="2025-04-25T08:49:33 EET" duration-ms="10558" status="FAIL">
          <params>
            <param index="0">
              <value>
                <![CDATA["Create Wallet Successfully"]]>
              </value>
            </param>
            <param index="1">
              <value>
                <![CDATA["Create Wallet Functionality"]]>
              </value>
            </param>
          </params>
          <exception class="org.openqa.selenium.NoSuchElementException">
            <message>
              <![CDATA[An element could not be located on the page using the given search parameters.
For documentation on this error, please visit: https://www.selenium.dev/documentation/webdriver/troubleshooting/errors#no-such-element-exception
Build info: version: '4.15.0', revision: '1d14b5521b'
System info: os.name: 'Mac OS X', os.arch: 'x86_64', os.version: '15.3.2', java.version: '11.0.26'
Driver info: io.appium.java_client.android.AndroidDriver
Command: [6d057c68-b2c6-4c75-ba9d-2d80254c3f65, findElement {using=id, value=CreateNewWalletButton}]
Capabilities {appium:androidInstallTimeout: 900000, appium:apps: /Users/cendeldogan/Desktop/..., appium:autoGrantPermissions: true, appium:automationName: UiAutomator2, appium:databaseEnabled: false, appium:desired: {androidInstallTimeout: 900000, apps: /Users/cendeldogan/Desktop/..., autoGrantPermissions: true, automationName: UiAutomator2, deviceName: pixel-6-pro, disableIdLocatorAutocompletion: true, newCommandTimeout: 100, platformName: ANDROID}, appium:deviceApiLevel: 35, appium:deviceManufacturer: Google, appium:deviceModel: sdk_gphone64_x86_64, appium:deviceName: emulator-5554, appium:deviceScreenDensity: 560, appium:deviceScreenSize: 1440x3120, appium:deviceUDID: emulator-5554, appium:disableIdLocatorAutocompletion: true, appium:javascriptEnabled: true, appium:locationContextEnabled: false, appium:networkConnectionEnabled: true, appium:newCommandTimeout: 100, appium:pixelRatio: 3.5, appium:platformVersion: 15, appium:statBarHeight: 84, appium:takesScreenshot: true, appium:viewportRect: {height: 3036, left: 0, top: 84, width: 1440}, appium:warnings: {}, appium:webStorageEnabled: false, platformName: ANDROID}
Session ID: 6d057c68-b2c6-4c75-ba9d-2d80254c3f65]]>
            </message>
            <full-stacktrace>
              <![CDATA[org.openqa.selenium.NoSuchElementException: An element could not be located on the page using the given search parameters.
For documentation on this error, please visit: https://www.selenium.dev/documentation/webdriver/troubleshooting/errors#no-such-element-exception
Build info: version: '4.15.0', revision: '1d14b5521b'
System info: os.name: 'Mac OS X', os.arch: 'x86_64', os.version: '15.3.2', java.version: '11.0.26'
Driver info: io.appium.java_client.android.AndroidDriver
Command: [6d057c68-b2c6-4c75-ba9d-2d80254c3f65, findElement {using=id, value=CreateNewWalletButton}]
Capabilities {appium:androidInstallTimeout: 900000, appium:apps: /Users/cendeldogan/Desktop/..., appium:autoGrantPermissions: true, appium:automationName: UiAutomator2, appium:databaseEnabled: false, appium:desired: {androidInstallTimeout: 900000, apps: /Users/cendeldogan/Desktop/..., autoGrantPermissions: true, automationName: UiAutomator2, deviceName: pixel-6-pro, disableIdLocatorAutocompletion: true, newCommandTimeout: 100, platformName: ANDROID}, appium:deviceApiLevel: 35, appium:deviceManufacturer: Google, appium:deviceModel: sdk_gphone64_x86_64, appium:deviceName: emulator-5554, appium:deviceScreenDensity: 560, appium:deviceScreenSize: 1440x3120, appium:deviceUDID: emulator-5554, appium:disableIdLocatorAutocompletion: true, appium:javascriptEnabled: true, appium:locationContextEnabled: false, appium:networkConnectionEnabled: true, appium:newCommandTimeout: 100, appium:pixelRatio: 3.5, appium:platformVersion: 15, appium:statBarHeight: 84, appium:takesScreenshot: true, appium:viewportRect: {height: 3036, left: 0, top: 84, width: 1440}, appium:warnings: {}, appium:webStorageEnabled: false, platformName: ANDROID}
Session ID: 6d057c68-b2c6-4c75-ba9d-2d80254c3f65
at java.base/jdk.internal.reflect.NativeConstructorAccessorImpl.newInstance0(Native Method)
at java.base/jdk.internal.reflect.NativeConstructorAccessorImpl.newInstance(NativeConstructorAccessorImpl.java:62)
at java.base/jdk.internal.reflect.DelegatingConstructorAccessorImpl.newInstance(DelegatingConstructorAccessorImpl.java:45)
at java.base/java.lang.reflect.Constructor.newInstance(Constructor.java:490)
at org.openqa.selenium.remote.codec.w3c.W3CHttpResponseCodec.createException(W3CHttpResponseCodec.java:200)
at org.openqa.selenium.remote.codec.w3c.W3CHttpResponseCodec.decode(W3CHttpResponseCodec.java:133)
at org.openqa.selenium.remote.codec.w3c.W3CHttpResponseCodec.decode(W3CHttpResponseCodec.java:52)
at org.openqa.selenium.remote.HttpCommandExecutor.execute(HttpCommandExecutor.java:191)
at io.appium.java_client.remote.AppiumCommandExecutor.execute(AppiumCommandExecutor.java:238)
at org.openqa.selenium.remote.RemoteWebDriver.execute(RemoteWebDriver.java:607)
at org.openqa.selenium.remote.ElementLocation$ElementFinder$2.findElement(ElementLocation.java:165)
at org.openqa.selenium.remote.ElementLocation.findElement(ElementLocation.java:66)
at org.openqa.selenium.remote.RemoteWebDriver.findElement(RemoteWebDriver.java:364)
at org.openqa.selenium.remote.RemoteWebDriver.findElement(RemoteWebDriver.java:358)
at pages.BasePage.findElement(BasePage.java:23)
at pages.WelcomePage.clickCreateNewWallet(WelcomePage.java:12)
at stepdefinitions.CreateWalletSteps.userClicksCreateWallet(CreateWalletSteps.java:28)
at ✽.User clicks on "Create New Wallet" button(file:///Users/cendeldogan/Desktop/sample-mobile-tw-new-framework/src/test/resources/features/create_wallet.feature:8)
]]>
            </full-stacktrace>
          </exception> <!-- org.openqa.selenium.NoSuchElementException -->
          <reporter-output>
          </reporter-output>
        </test-method> <!-- runScenario -->
        <test-method is-config="true" signature="tearDownClass()[pri:0, instance:runners.TestRunner@409c54f]" started-at="2025-04-25T08:49:33 EET" name="tearDownClass" finished-at="2025-04-25T08:49:33 EET" duration-ms="2" status="PASS">
          <reporter-output>
          </reporter-output>
        </test-method> <!-- tearDownClass -->
      </class> <!-- runners.TestRunner -->
    </test> <!-- CreateWalletTest -->
  </suite> <!-- TrustWalletCucumberTests -->
</testng-results>
