<?xml version="1.0" encoding="UTF-8"?>
<!-- Generated by org.testng.reporters.JUnitReportReporter -->
<testsuite hostname="Cendel-MacBook-Pro.local" failures="0" tests="1" name="runners.TestRunner" time="10.558" errors="1" timestamp="2025-04-25T08:49:33 EET" skipped="0">
  <testcase classname="runners.TestRunner" name="runScenario" time="10.558">
    <error message="An element could not be located on the page using the given search parameters.
For documentation on this error, please visit: https://www.selenium.dev/documentation/webdriver/troubleshooting/errors#no-such-element-exception
Build info: version: &#039;4.15.0&#039;, revision: &#039;1d14b5521b&#039;
System info: os.name: &#039;Mac OS X&#039;, os.arch: &#039;x86_64&#039;, os.version: &#039;15.3.2&#039;, java.version: &#039;11.0.26&#039;
Driver info: io.appium.java_client.android.AndroidDriver
Command: [6d057c68-b2c6-4c75-ba9d-2d80254c3f65, findElement {using=id, value=CreateNewWalletButton}]
Capabilities {appium:androidInstallTimeout: 900000, appium:apps: /Users/cendeldogan/Desktop/..., appium:autoGrantPermissions: true, appium:automationName: UiAutomator2, appium:databaseEnabled: false, appium:desired: {androidInstallTimeout: 900000, apps: /Users/cendeldogan/Desktop/..., autoGrantPermissions: true, automationName: UiAutomator2, deviceName: pixel-6-pro, disableIdLocatorAutocompletion: true, newCommandTimeout: 100, platformName: ANDROID}, appium:deviceApiLevel: 35, appium:deviceManufacturer: Google, appium:deviceModel: sdk_gphone64_x86_64, appium:deviceName: emulator-5554, appium:deviceScreenDensity: 560, appium:deviceScreenSize: 1440x3120, appium:deviceUDID: emulator-5554, appium:disableIdLocatorAutocompletion: true, appium:javascriptEnabled: true, appium:locationContextEnabled: false, appium:networkConnectionEnabled: true, appium:newCommandTimeout: 100, appium:pixelRatio: 3.5, appium:platformVersion: 15, appium:statBarHeight: 84, appium:takesScreenshot: true, appium:viewportRect: {height: 3036, left: 0, top: 84, width: 1440}, appium:warnings: {}, appium:webStorageEnabled: false, platformName: ANDROID}
Session ID: 6d057c68-b2c6-4c75-ba9d-2d80254c3f65" type="org.openqa.selenium.NoSuchElementException">
      <![CDATA[org.openqa.selenium.NoSuchElementException: An element could not be located on the page using the given search parameters.
For documentation on this error, please visit: https://www.selenium.dev/documentation/webdriver/troubleshooting/errors#no-such-element-exception
Build info: version: '4.15.0', revision: '1d14b5521b'
System info: os.name: 'Mac OS X', os.arch: 'x86_64', os.version: '15.3.2', java.version: '11.0.26'
Driver info: io.appium.java_client.android.AndroidDriver
Command: [6d057c68-b2c6-4c75-ba9d-2d80254c3f65, findElement {using=id, value=CreateNewWalletButton}]
Capabilities {appium:androidInstallTimeout: 900000, appium:apps: /Users/cendeldogan/Desktop/..., appium:autoGrantPermissions: true, appium:automationName: UiAutomator2, appium:databaseEnabled: false, appium:desired: {androidInstallTimeout: 900000, apps: /Users/cendeldogan/Desktop/..., autoGrantPermissions: true, automationName: UiAutomator2, deviceName: pixel-6-pro, disableIdLocatorAutocompletion: true, newCommandTimeout: 100, platformName: ANDROID}, appium:deviceApiLevel: 35, appium:deviceManufacturer: Google, appium:deviceModel: sdk_gphone64_x86_64, appium:deviceName: emulator-5554, appium:deviceScreenDensity: 560, appium:deviceScreenSize: 1440x3120, appium:deviceUDID: emulator-5554, appium:disableIdLocatorAutocompletion: true, appium:javascriptEnabled: true, appium:locationContextEnabled: false, appium:networkConnectionEnabled: true, appium:newCommandTimeout: 100, appium:pixelRatio: 3.5, appium:platformVersion: 15, appium:statBarHeight: 84, appium:takesScreenshot: true, appium:viewportRect: {height: 3036, left: 0, top: 84, width: 1440}, appium:warnings: {}, appium:webStorageEnabled: false, platformName: ANDROID}
Session ID: 6d057c68-b2c6-4c75-ba9d-2d80254c3f65
at java.base/jdk.internal.reflect.NativeConstructorAccessorImpl.newInstance0(Native Method)
at java.base/jdk.internal.reflect.NativeConstructorAccessorImpl.newInstance(NativeConstructorAccessorImpl.java:62)
at java.base/jdk.internal.reflect.DelegatingConstructorAccessorImpl.newInstance(DelegatingConstructorAccessorImpl.java:45)
at java.base/java.lang.reflect.Constructor.newInstance(Constructor.java:490)
at org.openqa.selenium.remote.codec.w3c.W3CHttpResponseCodec.createException(W3CHttpResponseCodec.java:200)
at org.openqa.selenium.remote.codec.w3c.W3CHttpResponseCodec.decode(W3CHttpResponseCodec.java:133)
at org.openqa.selenium.remote.codec.w3c.W3CHttpResponseCodec.decode(W3CHttpResponseCodec.java:52)
at org.openqa.selenium.remote.HttpCommandExecutor.execute(HttpCommandExecutor.java:191)
at io.appium.java_client.remote.AppiumCommandExecutor.execute(AppiumCommandExecutor.java:238)
at org.openqa.selenium.remote.RemoteWebDriver.execute(RemoteWebDriver.java:607)
at org.openqa.selenium.remote.ElementLocation$ElementFinder$2.findElement(ElementLocation.java:165)
at org.openqa.selenium.remote.ElementLocation.findElement(ElementLocation.java:66)
at org.openqa.selenium.remote.RemoteWebDriver.findElement(RemoteWebDriver.java:364)
at org.openqa.selenium.remote.RemoteWebDriver.findElement(RemoteWebDriver.java:358)
at pages.BasePage.findElement(BasePage.java:23)
at pages.WelcomePage.clickCreateNewWallet(WelcomePage.java:12)
at stepdefinitions.CreateWalletSteps.userClicksCreateWallet(CreateWalletSteps.java:28)
at ✽.User clicks on "Create New Wallet" button(file:///Users/cendeldogan/Desktop/sample-mobile-tw-new-framework/src/test/resources/features/create_wallet.feature:8)
]]>
    </error>
  </testcase> <!-- runScenario -->
</testsuite> <!-- runners.TestRunner -->
